<?xml version="1.0" encoding="UTF-8"?>
<!-- Generated by org.testng.reporters.JUnitReportReporter -->
<testsuite skipped="0" hostname="DESKTOP-62KAO1N" name="Testnextgeneration.Test0" tests="1" failures="0" timestamp="2022-09-06T12:00:44 IST" time="0.011" errors="0">
  <testcase name="tc1" time="0.011" classname="Testnextgeneration.Test0"/>
  <system-out>
    <![CDATA[Hello selenium
Hello java]]>
  </system-out>
</testsuite> <!-- Testnextgeneration.Test0 -->
