<?xml version="1.0" encoding="UTF-8"?>
<!-- Generated by org.testng.reporters.JUnitReportReporter -->
<testsuite skipped="0" hostname="DESKTOP-62KAO1N" name="Testnextgeneration.Test4" tests="1" failures="0" timestamp="2022-09-07T19:04:57 IST" time="10.383" errors="0">
  <testcase name="forgotpassword" time="10.383" classname="Testnextgeneration.Test4"/>
  <system-out>
    <![CDATA[Forgotten Password | Can't Log In | Facebook
https://www.facebook.com/login/identify/?ctx=recover&ars=facebook_login&from_login_screen=0]]>
  </system-out>
</testsuite> <!-- Testnextgeneration.Test4 -->
