<?xml version="1.0" encoding="UTF-8"?>
<!-- Generated by org.testng.reporters.JUnitReportReporter -->
<testsuite skipped="1" hostname="DESKTOP-62KAO1N" name="Testnextgeneration.Test1" tests="9" failures="0" timestamp="2022-09-06T11:14:46 IST" time="0.021" errors="0">
  <testcase name="chats" time="0.006" classname="Testnextgeneration.Test1"/>
  <system-out>
    <![CDATA[chats]]>
  </system-out>
  <testcase name="chats" time="0.002" classname="Testnextgeneration.Test1"/>
  <system-out>
    <![CDATA[chats]]>
  </system-out>
  <testcase name="chats" time="0.003" classname="Testnextgeneration.Test1"/>
  <system-out>
    <![CDATA[chats]]>
  </system-out>
  <testcase name="calls" time="0.002" classname="Testnextgeneration.Test1"/>
  <system-out>
    <![CDATA[calls]]>
  </system-out>
  <testcase name="calls" time="0.002" classname="Testnextgeneration.Test1"/>
  <system-out>
    <![CDATA[calls]]>
  </system-out>
  <testcase name="calls" time="0.002" classname="Testnextgeneration.Test1"/>
  <system-out>
    <![CDATA[calls]]>
  </system-out>
  <testcase name="calls" time="0.002" classname="Testnextgeneration.Test1"/>
  <system-out>
    <![CDATA[calls]]>
  </system-out>
  <testcase name="calls" time="0.002" classname="Testnextgeneration.Test1"/>
  <system-out>
    <![CDATA[calls]]>
  </system-out>
  <testcase name="settings" classname="Testnextgeneration.Test1">
    <skipped/>
  </testcase> <!-- settings -->
  <system-out/>
</testsuite> <!-- Testnextgeneration.Test1 -->
