<?xml version="1.0" encoding="UTF-8"?>
<!-- Generated by org.testng.reporters.JUnitReportReporter -->
<testsuite skipped="0" hostname="DESKTOP-62KAO1N" name="assertions.Test2" tests="3" failures="0" timestamp="2022-09-07T19:29:56 IST" time="20.558" errors="0">
  <testcase name="Demo" time="7.576" classname="assertions.Test2"/>
  <system-out/>
  <testcase name="Demo" time="6.364" classname="assertions.Test2"/>
  <system-out/>
  <testcase name="Demo" time="6.618" classname="assertions.Test2"/>
  <system-out/>
</testsuite> <!-- assertions.Test2 -->
