<?xml version="1.0" encoding="UTF-8"?>
<!-- Generated by org.testng.reporters.JUnitReportReporter -->
<testsuite skipped="0" hostname="DESKTOP-62KAO1N" name="Testnextgeneration.Test5" tests="1" failures="0" timestamp="2022-09-07T19:10:59 IST" time="12.696" errors="0">
  <testcase name="createapage" time="12.696" classname="Testnextgeneration.Test5"/>
  <system-out>
    <![CDATA[Log in to Facebook
https://www.facebook.com/login/?next=https%3A%2F%2Fwww.facebook.com%2Fpages%2Fcreate%2F%3Fref_type%3Dregistration_form]]>
  </system-out>
</testsuite> <!-- Testnextgeneration.Test5 -->
